# Logfile created on 2014-01-15 16:02:21 -0500 by logger.rb/44203
I, [2014-01-15T16:02:21.048103 #30232]  INFO -- : 0:  rake (10.1.1) from /Users/arubis/.rvm/gems/ruby-2.1.0/specifications/rake-10.1.1.gemspec
I, [2014-01-15T16:02:21.445702 #30232]  INFO -- : 0:  execjs (2.0.2) from /Users/arubis/.rvm/gems/ruby-2.1.0/specifications/execjs-2.0.2.gemspec
I, [2014-01-15T16:02:22.192834 #30232]  INFO -- : 0:  autoprefixer-rails (1.0.20140110) from /Users/arubis/.rvm/gems/ruby-2.1.0/specifications/autoprefixer-rails-1.0.20140110.gemspec
I, [2014-01-15T16:02:53.569131 #30232]  INFO -- : 0:  debug_inspector (0.0.2) from /Users/arubis/.rvm/gems/ruby-2.1.0/specifications/debug_inspector-0.0.2.gemspec
I, [2014-01-15T16:02:55.967966 #30232]  INFO -- : 0:  binding_of_caller (0.7.2) from /Users/arubis/.rvm/gems/ruby-2.1.0/specifications/binding_of_caller-0.7.2.gemspec
I, [2014-01-15T16:02:58.278220 #30232]  INFO -- : 0:  chunky_png (1.2.9) from /Users/arubis/.rvm/gems/ruby-2.1.0/specifications/chunky_png-1.2.9.gemspec
I, [2014-01-15T16:03:02.194057 #30232]  INFO -- : 0:  fast-stemmer (1.0.2) from /Users/arubis/.rvm/gems/ruby-2.1.0/specifications/fast-stemmer-1.0.2.gemspec
I, [2014-01-15T16:03:02.592647 #30232]  INFO -- : 0:  classifier (1.3.4) from /Users/arubis/.rvm/gems/ruby-2.1.0/specifications/classifier-1.3.4.gemspec
I, [2014-01-15T16:03:03.372166 #30232]  INFO -- : 0:  coderay (1.1.0) from /Users/arubis/.rvm/gems/ruby-2.1.0/specifications/coderay-1.1.0.gemspec
I, [2014-01-15T16:03:03.736621 #30232]  INFO -- : 0:  colorator (0.1) from /Users/arubis/.rvm/gems/ruby-2.1.0/specifications/colorator-0.1.gemspec
I, [2014-01-15T16:03:04.062927 #30232]  INFO -- : 0:  columnize (0.3.6) from /Users/arubis/.rvm/gems/ruby-2.1.0/specifications/columnize-0.3.6.gemspec
I, [2014-01-15T16:03:04.596511 #30232]  INFO -- : 0:  highline (1.6.20) from /Users/arubis/.rvm/gems/ruby-2.1.0/specifications/highline-1.6.20.gemspec
I, [2014-01-15T16:03:05.256492 #30232]  INFO -- : 0:  commander (4.1.5) from /Users/arubis/.rvm/gems/ruby-2.1.0/specifications/commander-4.1.5.gemspec
I, [2014-01-15T16:03:05.681456 #30232]  INFO -- : 0:  fssm (0.2.10) from /Users/arubis/.rvm/gems/ruby-2.1.0/specifications/fssm-0.2.10.gemspec
I, [2014-01-15T16:03:06.718867 #30232]  INFO -- : 0:  sass (3.2.13) from /Users/arubis/.rvm/gems/ruby-2.1.0/specifications/sass-3.2.13.gemspec
I, [2014-01-15T16:03:09.814882 #30232]  INFO -- : 0:  compass (0.12.2) from /Users/arubis/.rvm/gems/ruby-2.1.0/specifications/compass-0.12.2.gemspec
I, [2014-01-15T16:03:10.614313 #30232]  INFO -- : 0:  csso-rails (0.3.3) from /Users/arubis/.rvm/gems/ruby-2.1.0/specifications/csso-rails-0.3.3.gemspec
I, [2014-01-15T16:03:10.926361 #30232]  INFO -- : 0:  debugger-linecache (1.2.0) from /Users/arubis/.rvm/gems/ruby-2.1.0/specifications/debugger-linecache-1.2.0.gemspec
I, [2014-01-15T16:03:13.817127 #30232]  INFO -- : 0:  debugger-ruby_core_source (1.3.1) from /Users/arubis/.rvm/gems/ruby-2.1.0/specifications/debugger-ruby_core_source-1.3.1.gemspec
I, [2014-01-15T16:03:25.085223 #30232]  INFO -- : 0:  debugger (1.6.5) from /Users/arubis/.rvm/gems/ruby-2.1.0/specifications/debugger-1.6.5.gemspec
I, [2014-01-15T16:03:25.458810 #30232]  INFO -- : 0:  directory_watcher (1.4.1) from /Users/arubis/.rvm/gems/ruby-2.1.0/specifications/directory_watcher-1.4.1.gemspec
I, [2014-01-15T16:03:27.093831 #30232]  INFO -- : 0:  kramdown (1.0.2) from /Users/arubis/.rvm/gems/ruby-2.1.0/specifications/kramdown-1.0.2.gemspec
I, [2014-01-15T16:03:28.045425 #30232]  INFO -- : 0:  liquid (2.6.1) from /Users/arubis/.rvm/gems/ruby-2.1.0/specifications/liquid-2.6.1.gemspec
I, [2014-01-15T16:03:28.928788 #30232]  INFO -- : 0:  maruku (0.7.1) from /Users/arubis/.rvm/gems/ruby-2.1.0/specifications/maruku-0.7.1.gemspec
I, [2014-01-15T16:03:31.866985 #30232]  INFO -- : 0:  posix-spawn (0.3.8) from /Users/arubis/.rvm/gems/ruby-2.1.0/specifications/posix-spawn-0.3.8.gemspec
I, [2014-01-15T16:03:37.612272 #30232]  INFO -- : 0:  yajl-ruby (1.1.0) from /Users/arubis/.rvm/gems/ruby-2.1.0/specifications/yajl-ruby-1.1.0.gemspec
I, [2014-01-15T16:03:42.007358 #30232]  INFO -- : 0:  pygments.rb (0.5.4) from /Users/arubis/.rvm/gems/ruby-2.1.0/specifications/pygments.rb-0.5.4.gemspec
I, [2014-01-15T16:03:53.117992 #30232]  INFO -- : 0:  redcarpet (2.2.2) from /Users/arubis/.rvm/gems/ruby-2.1.0/specifications/redcarpet-2.2.2.gemspec
I, [2014-01-15T16:03:53.502149 #30232]  INFO -- : 0:  safe_yaml (0.7.1) from /Users/arubis/.rvm/gems/ruby-2.1.0/specifications/safe_yaml-0.7.1.gemspec
I, [2014-01-15T16:03:56.403908 #30232]  INFO -- : 0:  jekyll (1.1.1) from /Users/arubis/.rvm/gems/ruby-2.1.0/specifications/jekyll-1.1.1.gemspec
I, [2014-01-15T16:03:56.405680 #30232]  INFO -- : 0:  json (1.8.1) from /Users/arubis/.rvm/rubies/ruby-2.1.0/lib/ruby/gems/2.1.0/specifications/default/json-1.8.1.gemspec
I, [2014-01-15T16:22:03.558463 #30232]  INFO -- : 0:  libv8 (3.16.14.3) from /Users/arubis/.rvm/gems/ruby-2.1.0/specifications/libv8-3.16.14.3.gemspec
I, [2014-01-15T16:22:04.785932 #30232]  INFO -- : 0:  method_source (0.8.2) from /Users/arubis/.rvm/gems/ruby-2.1.0/specifications/method_source-0.8.2.gemspec
I, [2014-01-15T16:22:05.164035 #30232]  INFO -- : 0:  slop (3.4.7) from /Users/arubis/.rvm/gems/ruby-2.1.0/specifications/slop-3.4.7.gemspec
I, [2014-01-15T16:22:06.002109 #30232]  INFO -- : 0:  pry (0.9.12.4) from /Users/arubis/.rvm/gems/ruby-2.1.0/specifications/pry-0.9.12.4.gemspec
I, [2014-01-15T16:22:06.390162 #30232]  INFO -- : 0:  pry-debugger (0.2.2) from /Users/arubis/.rvm/gems/ruby-2.1.0/specifications/pry-debugger-0.2.2.gemspec
I, [2014-01-15T16:22:06.598159 #30232]  INFO -- : 0:  pry-remote (0.1.7) from /Users/arubis/.rvm/gems/ruby-2.1.0/specifications/pry-remote-0.1.7.gemspec
I, [2014-01-15T16:22:06.882775 #30232]  INFO -- : 0:  pry-stack_explorer (0.4.9.1) from /Users/arubis/.rvm/gems/ruby-2.1.0/specifications/pry-stack_explorer-0.4.9.1.gemspec
I, [2014-01-15T16:22:21.799263 #30232]  INFO -- : 0:  rdiscount (2.1.7) from /Users/arubis/.rvm/gems/ruby-2.1.0/specifications/rdiscount-2.1.7.gemspec
I, [2014-01-15T16:22:22.127781 #30232]  INFO -- : 0:  ref (1.0.5) from /Users/arubis/.rvm/gems/ruby-2.1.0/specifications/ref-1.0.5.gemspec
I, [2014-01-15T16:22:22.430568 #30232]  INFO -- : 0:  sass-css-importer (1.0.0.beta.0) from /Users/arubis/.rvm/gems/ruby-2.1.0/specifications/sass-css-importer-1.0.0.beta.0.gemspec
I, [2014-01-15T16:22:46.123752 #30232]  INFO -- : 0:  therubyracer (0.12.0) from /Users/arubis/.rvm/gems/ruby-2.1.0/specifications/therubyracer-0.12.0.gemspec
I, [2014-01-15T16:22:50.632672 #30232]  INFO -- : 0:  uglifier (2.4.0) from /Users/arubis/.rvm/gems/ruby-2.1.0/specifications/uglifier-2.4.0.gemspec
I, [2014-01-15T16:22:50.643154 #30232]  INFO -- : 0:  bundler (1.5.1) from /Users/arubis/.rvm/gems/ruby-2.1.0@global/specifications/bundler-1.5.1.gemspec
I, [2014-01-17T17:45:31.611168 #30049]  INFO -- : 0:  rake (10.1.1) from /Users/arubis/.rvm/gems/ruby-2.1.0/specifications/rake-10.1.1.gemspec
I, [2014-01-17T17:45:31.624561 #30049]  INFO -- : 0:  execjs (2.0.2) from /Users/arubis/.rvm/gems/ruby-2.1.0/specifications/execjs-2.0.2.gemspec
I, [2014-01-17T17:45:33.402092 #30049]  INFO -- : 0:  autoprefixer-rails (1.0.20140117) from /Users/arubis/.rvm/gems/ruby-2.1.0/specifications/autoprefixer-rails-1.0.20140117.gemspec
I, [2014-01-17T17:45:33.403762 #30049]  INFO -- : 0:  debug_inspector (0.0.2) from /Users/arubis/.rvm/gems/ruby-2.1.0/specifications/debug_inspector-0.0.2.gemspec
I, [2014-01-17T17:45:33.404909 #30049]  INFO -- : 0:  binding_of_caller (0.7.2) from /Users/arubis/.rvm/gems/ruby-2.1.0/specifications/binding_of_caller-0.7.2.gemspec
I, [2014-01-17T17:45:33.406105 #30049]  INFO -- : 0:  chunky_png (1.2.9) from /Users/arubis/.rvm/gems/ruby-2.1.0/specifications/chunky_png-1.2.9.gemspec
I, [2014-01-17T17:45:33.406918 #30049]  INFO -- : 0:  fast-stemmer (1.0.2) from /Users/arubis/.rvm/gems/ruby-2.1.0/specifications/fast-stemmer-1.0.2.gemspec
I, [2014-01-17T17:45:33.407653 #30049]  INFO -- : 0:  classifier (1.3.4) from /Users/arubis/.rvm/gems/ruby-2.1.0/specifications/classifier-1.3.4.gemspec
I, [2014-01-17T17:45:33.408893 #30049]  INFO -- : 0:  coderay (1.1.0) from /Users/arubis/.rvm/gems/ruby-2.1.0/specifications/coderay-1.1.0.gemspec
I, [2014-01-17T17:45:33.410185 #30049]  INFO -- : 0:  colorator (0.1) from /Users/arubis/.rvm/gems/ruby-2.1.0/specifications/colorator-0.1.gemspec
I, [2014-01-17T17:45:33.412164 #30049]  INFO -- : 0:  columnize (0.3.6) from /Users/arubis/.rvm/gems/ruby-2.1.0/specifications/columnize-0.3.6.gemspec
I, [2014-01-17T17:45:33.413245 #30049]  INFO -- : 0:  highline (1.6.20) from /Users/arubis/.rvm/gems/ruby-2.1.0/specifications/highline-1.6.20.gemspec
I, [2014-01-17T17:45:33.413942 #30049]  INFO -- : 0:  commander (4.1.5) from /Users/arubis/.rvm/gems/ruby-2.1.0/specifications/commander-4.1.5.gemspec
I, [2014-01-17T17:45:33.414731 #30049]  INFO -- : 0:  fssm (0.2.10) from /Users/arubis/.rvm/gems/ruby-2.1.0/specifications/fssm-0.2.10.gemspec
I, [2014-01-17T17:45:33.415851 #30049]  INFO -- : 0:  sass (3.2.13) from /Users/arubis/.rvm/gems/ruby-2.1.0/specifications/sass-3.2.13.gemspec
I, [2014-01-17T17:45:33.417068 #30049]  INFO -- : 0:  compass (0.12.2) from /Users/arubis/.rvm/gems/ruby-2.1.0/specifications/compass-0.12.2.gemspec
I, [2014-01-17T17:45:33.418165 #30049]  INFO -- : 0:  csso-rails (0.3.3) from /Users/arubis/.rvm/gems/ruby-2.1.0/specifications/csso-rails-0.3.3.gemspec
I, [2014-01-17T17:45:33.419336 #30049]  INFO -- : 0:  debugger-linecache (1.2.0) from /Users/arubis/.rvm/gems/ruby-2.1.0/specifications/debugger-linecache-1.2.0.gemspec
I, [2014-01-17T17:45:33.420491 #30049]  INFO -- : 0:  debugger-ruby_core_source (1.3.1) from /Users/arubis/.rvm/gems/ruby-2.1.0/specifications/debugger-ruby_core_source-1.3.1.gemspec
I, [2014-01-17T17:45:33.421614 #30049]  INFO -- : 0:  debugger (1.6.5) from /Users/arubis/.rvm/gems/ruby-2.1.0/specifications/debugger-1.6.5.gemspec
I, [2014-01-17T17:45:33.422741 #30049]  INFO -- : 0:  directory_watcher (1.4.1) from /Users/arubis/.rvm/gems/ruby-2.1.0/specifications/directory_watcher-1.4.1.gemspec
I, [2014-01-17T17:45:33.423835 #30049]  INFO -- : 0:  kramdown (1.0.2) from /Users/arubis/.rvm/gems/ruby-2.1.0/specifications/kramdown-1.0.2.gemspec
I, [2014-01-17T17:45:33.424852 #30049]  INFO -- : 0:  liquid (2.6.1) from /Users/arubis/.rvm/gems/ruby-2.1.0/specifications/liquid-2.6.1.gemspec
I, [2014-01-17T17:45:33.425789 #30049]  INFO -- : 0:  maruku (0.7.1) from /Users/arubis/.rvm/gems/ruby-2.1.0/specifications/maruku-0.7.1.gemspec
I, [2014-01-17T17:45:33.426978 #30049]  INFO -- : 0:  posix-spawn (0.3.8) from /Users/arubis/.rvm/gems/ruby-2.1.0/specifications/posix-spawn-0.3.8.gemspec
I, [2014-01-17T17:45:33.427725 #30049]  INFO -- : 0:  yajl-ruby (1.1.0) from /Users/arubis/.rvm/gems/ruby-2.1.0/specifications/yajl-ruby-1.1.0.gemspec
I, [2014-01-17T17:45:33.428244 #30049]  INFO -- : 0:  pygments.rb (0.5.4) from /Users/arubis/.rvm/gems/ruby-2.1.0/specifications/pygments.rb-0.5.4.gemspec
I, [2014-01-17T17:45:33.429888 #30049]  INFO -- : 0:  redcarpet (2.2.2) from /Users/arubis/.rvm/gems/ruby-2.1.0/specifications/redcarpet-2.2.2.gemspec
I, [2014-01-17T17:45:33.434404 #30049]  INFO -- : 0:  safe_yaml (0.7.1) from /Users/arubis/.rvm/gems/ruby-2.1.0/specifications/safe_yaml-0.7.1.gemspec
I, [2014-01-17T17:45:33.435548 #30049]  INFO -- : 0:  jekyll (1.1.1) from /Users/arubis/.rvm/gems/ruby-2.1.0/specifications/jekyll-1.1.1.gemspec
I, [2014-01-17T17:45:33.449706 #30049]  INFO -- : 0:  json (1.8.1) from /Users/arubis/.rvm/rubies/ruby-2.1.0/lib/ruby/gems/2.1.0/specifications/default/json-1.8.1.gemspec
I, [2014-01-17T17:45:33.451469 #30049]  INFO -- : 0:  libv8 (3.16.14.3) from /Users/arubis/.rvm/gems/ruby-2.1.0/specifications/libv8-3.16.14.3.gemspec
I, [2014-01-17T17:45:33.456570 #30049]  INFO -- : 0:  method_source (0.8.2) from /Users/arubis/.rvm/gems/ruby-2.1.0/specifications/method_source-0.8.2.gemspec
I, [2014-01-17T17:45:33.459712 #30049]  INFO -- : 0:  slop (3.4.7) from /Users/arubis/.rvm/gems/ruby-2.1.0/specifications/slop-3.4.7.gemspec
I, [2014-01-17T17:45:33.460897 #30049]  INFO -- : 0:  pry (0.9.12.4) from /Users/arubis/.rvm/gems/ruby-2.1.0/specifications/pry-0.9.12.4.gemspec
I, [2014-01-17T17:45:33.462092 #30049]  INFO -- : 0:  pry-debugger (0.2.2) from /Users/arubis/.rvm/gems/ruby-2.1.0/specifications/pry-debugger-0.2.2.gemspec
I, [2014-01-17T17:45:33.463316 #30049]  INFO -- : 0:  pry-remote (0.1.7) from /Users/arubis/.rvm/gems/ruby-2.1.0/specifications/pry-remote-0.1.7.gemspec
I, [2014-01-17T17:45:33.464474 #30049]  INFO -- : 0:  pry-stack_explorer (0.4.9.1) from /Users/arubis/.rvm/gems/ruby-2.1.0/specifications/pry-stack_explorer-0.4.9.1.gemspec
I, [2014-01-17T17:45:33.465559 #30049]  INFO -- : 0:  rdiscount (2.1.7) from /Users/arubis/.rvm/gems/ruby-2.1.0/specifications/rdiscount-2.1.7.gemspec
I, [2014-01-17T17:45:33.466668 #30049]  INFO -- : 0:  ref (1.0.5) from /Users/arubis/.rvm/gems/ruby-2.1.0/specifications/ref-1.0.5.gemspec
I, [2014-01-17T17:45:33.467827 #30049]  INFO -- : 0:  sass-css-importer (1.0.0.beta.0) from /Users/arubis/.rvm/gems/ruby-2.1.0/specifications/sass-css-importer-1.0.0.beta.0.gemspec
I, [2014-01-17T17:45:33.468873 #30049]  INFO -- : 0:  therubyracer (0.12.0) from /Users/arubis/.rvm/gems/ruby-2.1.0/specifications/therubyracer-0.12.0.gemspec
I, [2014-01-17T17:45:33.470051 #30049]  INFO -- : 0:  uglifier (2.4.0) from /Users/arubis/.rvm/gems/ruby-2.1.0/specifications/uglifier-2.4.0.gemspec
I, [2014-01-17T17:45:33.471249 #30049]  INFO -- : 0:  bundler (1.5.1) from /Users/arubis/.rvm/gems/ruby-2.1.0@global/specifications/bundler-1.5.1.gemspec
